<?xml version="1.0" encoding="UTF-8"?>
<testng-results ignored="2" total="5" passed="2" failed="1" skipped="0">
  <reporter-output>
  </reporter-output>
  <suite started-at="2022-02-04T22:10:16 MSK" name="Group of group Suite" finished-at="2022-02-04T22:10:41 MSK" duration-ms="24518">
    <groups>
      <group name="positive">
        <method signature="DouTests.getAuthorAndTitle()[pri:0, instance:test.java.DouTests@16943e88]" name="getAuthorAndTitle" class="test.java.DouTests"/>
        <method signature="DouTests.hoverMenu()[pri:0, instance:test.java.DouTests@16943e88]" name="hoverMenu" class="test.java.DouTests"/>
        <method signature="DouTests.redirectByClickingLogo()[pri:0, instance:test.java.DouTests@16943e88]" name="redirectByClickingLogo" class="test.java.DouTests"/>
      </group> <!-- positive -->
    </groups>
    <test started-at="2022-02-04T22:10:16 MSK" name="Group of group Test" finished-at="2022-02-04T22:10:41 MSK" duration-ms="24518">
      <class name="test.java.DouTests">
        <test-method is-config="true" signature="setUpPrerequisites()[pri:0, instance:test.java.DouTests@16943e88]" started-at="2022-02-04T22:10:16 MSK" name="setUpPrerequisites" finished-at="2022-02-04T22:10:25 MSK" duration-ms="8317" status="PASS">
          <reporter-output>
          </reporter-output>
        </test-method> <!-- setUpPrerequisites -->
        <test-method signature="getAuthorAndTitle()[pri:0, instance:test.java.DouTests@16943e88]" started-at="2022-02-04T22:10:25 MSK" name="getAuthorAndTitle" finished-at="2022-02-04T22:10:27 MSK" duration-ms="1903" status="FAIL">
          <exception class="java.lang.AssertionError">
            <message>
              <![CDATA[
Expected: equalToIgnoringCase("Taras Ustyianovych, Operational Intelligence Engineer в EPAM")
     but: was Vova Kyrychenko, CTO в Xenoss.io]]>
            </message>
            <full-stacktrace>
              <![CDATA[java.lang.AssertionError: 
Expected: equalToIgnoringCase("Taras Ustyianovych, Operational Intelligence Engineer в EPAM")
     but: was Vova Kyrychenko, CTO в Xenoss.io
at org.hamcrest.MatcherAssert.assertThat(MatcherAssert.java:20)
at org.hamcrest.MatcherAssert.assertThat(MatcherAssert.java:8)
at test.java.DouTests.getAuthorAndTitle(DouTests.java:76)
at java.base/jdk.internal.reflect.NativeMethodAccessorImpl.invoke0(Native Method)
at java.base/jdk.internal.reflect.NativeMethodAccessorImpl.invoke(NativeMethodAccessorImpl.java:77)
at java.base/jdk.internal.reflect.DelegatingMethodAccessorImpl.invoke(DelegatingMethodAccessorImpl.java:43)
at java.base/java.lang.reflect.Method.invoke(Method.java:568)
at org.testng.internal.invokers.MethodInvocationHelper.invokeMethod(MethodInvocationHelper.java:135)
at org.testng.internal.invokers.TestInvoker.invokeMethod(TestInvoker.java:673)
at org.testng.internal.invokers.TestInvoker.invokeTestMethod(TestInvoker.java:220)
at org.testng.internal.invokers.MethodRunner.runInSequence(MethodRunner.java:50)
at org.testng.internal.invokers.TestInvoker$MethodInvocationAgent.invoke(TestInvoker.java:945)
at org.testng.internal.invokers.TestInvoker.invokeTestMethods(TestInvoker.java:193)
at org.testng.internal.invokers.TestMethodWorker.invokeTestMethods(TestMethodWorker.java:146)
at org.testng.internal.invokers.TestMethodWorker.run(TestMethodWorker.java:128)
at java.base/java.util.ArrayList.forEach(ArrayList.java:1511)
at org.testng.TestRunner.privateRun(TestRunner.java:808)
at org.testng.TestRunner.run(TestRunner.java:603)
at org.testng.SuiteRunner.runTest(SuiteRunner.java:429)
at org.testng.SuiteRunner.runSequentially(SuiteRunner.java:423)
at org.testng.SuiteRunner.privateRun(SuiteRunner.java:383)
at org.testng.SuiteRunner.run(SuiteRunner.java:326)
at org.testng.SuiteRunnerWorker.runSuite(SuiteRunnerWorker.java:52)
at org.testng.SuiteRunnerWorker.run(SuiteRunnerWorker.java:95)
at org.testng.TestNG.runSuitesSequentially(TestNG.java:1249)
at org.testng.TestNG.runSuitesLocally(TestNG.java:1169)
at org.testng.TestNG.runSuites(TestNG.java:1092)
at org.testng.TestNG.run(TestNG.java:1060)
at org.apache.maven.surefire.testng.TestNGExecutor.run(TestNGExecutor.java:178)
at org.apache.maven.surefire.testng.TestNGXmlTestSuite.execute(TestNGXmlTestSuite.java:92)
at org.apache.maven.surefire.testng.TestNGProvider.invoke(TestNGProvider.java:96)
at java.base/jdk.internal.reflect.NativeMethodAccessorImpl.invoke0(Native Method)
at java.base/jdk.internal.reflect.NativeMethodAccessorImpl.invoke(NativeMethodAccessorImpl.java:77)
at java.base/jdk.internal.reflect.DelegatingMethodAccessorImpl.invoke(DelegatingMethodAccessorImpl.java:43)
at java.base/java.lang.reflect.Method.invoke(Method.java:568)
at org.apache.maven.surefire.util.ReflectionUtils.invokeMethodWithArray2(ReflectionUtils.java:208)
at org.apache.maven.surefire.booter.ProviderFactory$ProviderProxy.invoke(ProviderFactory.java:159)
at org.apache.maven.surefire.booter.ProviderFactory.invokeProvider(ProviderFactory.java:87)
at org.apache.maven.surefire.booter.ForkedBooter.runSuitesInProcess(ForkedBooter.java:153)
at org.apache.maven.surefire.booter.ForkedBooter.main(ForkedBooter.java:95)
]]>
            </full-stacktrace>
          </exception> <!-- java.lang.AssertionError -->
          <reporter-output>
          </reporter-output>
        </test-method> <!-- getAuthorAndTitle -->
        <test-method is-config="true" signature="closeBrowser()[pri:0, instance:test.java.DouTests@16943e88]" started-at="2022-02-04T22:10:27 MSK" name="closeBrowser" finished-at="2022-02-04T22:10:27 MSK" duration-ms="523" status="PASS">
          <reporter-output>
          </reporter-output>
        </test-method> <!-- closeBrowser -->
        <test-method is-config="true" signature="setUpPrerequisites()[pri:0, instance:test.java.DouTests@16943e88]" started-at="2022-02-04T22:10:27 MSK" name="setUpPrerequisites" finished-at="2022-02-04T22:10:32 MSK" duration-ms="4922" status="PASS">
          <reporter-output>
          </reporter-output>
        </test-method> <!-- setUpPrerequisites -->
        <test-method signature="hoverMenu()[pri:0, instance:test.java.DouTests@16943e88]" started-at="2022-02-04T22:10:32 MSK" name="hoverMenu" finished-at="2022-02-04T22:10:32 MSK" duration-ms="242" status="PASS">
          <reporter-output>
          </reporter-output>
        </test-method> <!-- hoverMenu -->
        <test-method is-config="true" signature="closeBrowser()[pri:0, instance:test.java.DouTests@16943e88]" started-at="2022-02-04T22:10:33 MSK" name="closeBrowser" finished-at="2022-02-04T22:10:33 MSK" duration-ms="314" status="PASS">
          <reporter-output>
          </reporter-output>
        </test-method> <!-- closeBrowser -->
        <test-method is-config="true" signature="setUpPrerequisites()[pri:0, instance:test.java.DouTests@16943e88]" started-at="2022-02-04T22:10:33 MSK" name="setUpPrerequisites" finished-at="2022-02-04T22:10:37 MSK" duration-ms="3868" status="PASS">
          <reporter-output>
          </reporter-output>
        </test-method> <!-- setUpPrerequisites -->
        <test-method signature="redirectByClickingLogo()[pri:0, instance:test.java.DouTests@16943e88]" started-at="2022-02-04T22:10:37 MSK" name="redirectByClickingLogo" finished-at="2022-02-04T22:10:40 MSK" duration-ms="3753" status="PASS">
          <reporter-output>
          </reporter-output>
        </test-method> <!-- redirectByClickingLogo -->
        <test-method is-config="true" signature="closeBrowser()[pri:0, instance:test.java.DouTests@16943e88]" started-at="2022-02-04T22:10:40 MSK" name="closeBrowser" finished-at="2022-02-04T22:10:41 MSK" duration-ms="246" status="PASS">
          <reporter-output>
          </reporter-output>
        </test-method> <!-- closeBrowser -->
      </class> <!-- test.java.DouTests -->
    </test> <!-- Group of group Test -->
  </suite> <!-- Group of group Suite -->
</testng-results>
